This file contains any messages produced by compilers while
running configure, to aid debugging if configure makes a mistake.

It was created by configure, which was
generated by GNU Autoconf 2.63.  Invocation command line was

  $ ./configure --prefix=/usr --sysconfdir=/etc/bind --localstatedir=/var --sbindir=/usr/sbin SYSINIT_START_CMD=update-rc.d -f gadmin-bind defaults SYSINIT_STOP_CMD=update-rc.d -f gadmin-bind remove

## --------- ##
## Platform. ##
## --------- ##

hostname = casa
uname -m = x86_64
uname -r = 5.17.0-1-amd64
uname -s = Linux
uname -v = #1 SMP PREEMPT Debian 5.17.3-1 (2022-04-18)

/usr/bin/uname -p = unknown
/bin/uname -X     = unknown

/bin/arch              = x86_64
/usr/bin/arch -k       = unknown
/usr/convex/getsysinfo = unknown
/usr/bin/hostinfo      = unknown
/bin/machine           = unknown
/usr/bin/oslevel       = unknown
/bin/universe          = unknown

PATH: /usr/local/sbin
PATH: /usr/local/bin
PATH: /usr/sbin
PATH: /usr/bin
PATH: /sbin
PATH: /bin


## ----------- ##
## Core tests. ##
## ----------- ##

configure:1908: checking for a BSD-compatible install
configure:1976: result: /usr/bin/install -c
configure:1987: checking whether build environment is sane
configure:2047: result: yes
configure:2188: checking for a thread-safe mkdir -p
configure:2227: result: /usr/bin/mkdir -p
configure:2240: checking for gawk
configure:2256: found /usr/bin/gawk
configure:2267: result: gawk
configure:2278: checking whether make sets $(MAKE)
configure:2300: result: yes
configure:2385: checking whether to enable maintainer-specific portions of Makefiles
configure:2394: result: no
configure:2414: checking build system type
configure:2432: result: x86_64-unknown-linux-gnu
configure:2454: checking host system type
configure:2469: result: x86_64-unknown-linux-gnu
configure:2491: checking for OS type
configure:2495: result: Linux (x86_64-unknown-linux-gnu) found.
configure:2598: checking for style of include used by make
configure:2626: result: GNU
configure:2696: checking for gcc
configure:2712: found /usr/bin/gcc
configure:2723: result: gcc
configure:2955: checking for C compiler version
configure:2963: gcc --version >&5
gcc (Debian 11.3.0-3) 11.3.0
Copyright (C) 2021 Free Software Foundation, Inc.
This is free software; see the source for copying conditions.  There is NO
warranty; not even for MERCHANTABILITY or FITNESS FOR A PARTICULAR PURPOSE.

configure:2967: $? = 0
configure:2974: gcc -v >&5
Using built-in specs.
COLLECT_GCC=gcc
COLLECT_LTO_WRAPPER=/usr/lib/gcc/x86_64-linux-gnu/11/lto-wrapper
OFFLOAD_TARGET_NAMES=nvptx-none:amdgcn-amdhsa
OFFLOAD_TARGET_DEFAULT=1
Target: x86_64-linux-gnu
Configured with: ../src/configure -v --with-pkgversion='Debian 11.3.0-3' --with-bugurl=file:///usr/share/doc/gcc-11/README.Bugs --enable-languages=c,ada,c++,go,brig,d,fortran,objc,obj-c++,m2 --prefix=/usr --with-gcc-major-version-only --program-suffix=-11 --program-prefix=x86_64-linux-gnu- --enable-shared --enable-linker-build-id --libexecdir=/usr/lib --without-included-gettext --enable-threads=posix --libdir=/usr/lib --enable-nls --enable-bootstrap --enable-clocale=gnu --enable-libstdcxx-debug --enable-libstdcxx-time=yes --with-default-libstdcxx-abi=new --enable-gnu-unique-object --disable-vtable-verify --enable-plugin --enable-default-pie --with-system-zlib --enable-libphobos-checking=release --with-target-system-zlib=auto --enable-objc-gc=auto --enable-multiarch --disable-werror --enable-cet --with-arch-32=i686 --with-abi=m64 --with-multilib-list=m32,m64,mx32 --enable-multilib --with-tune=generic --enable-offload-targets=nvptx-none=/build/gcc-11-6lTGZp/gcc-11-11.3.0/debian/tmp-nvptx/usr,amdgcn-amdhsa=/build/gcc-11-6lTGZp/gcc-11-11.3.0/debian/tmp-gcn/usr --without-cuda-driver --enable-checking=release --build=x86_64-linux-gnu --host=x86_64-linux-gnu --target=x86_64-linux-gnu --with-build-config=bootstrap-lto-lean --enable-link-serialization=2
Thread model: posix
Supported LTO compression algorithms: zlib zstd
gcc version 11.3.0 (Debian 11.3.0-3) 
configure:2978: $? = 0
configure:2985: gcc -V >&5
gcc: error: unrecognized command-line option '-V'
gcc: fatal error: no input files
compilation terminated.
configure:2989: $? = 1
configure:3012: checking for C compiler default output file name
configure:3034: gcc    conftest.c  >&5
configure:3038: $? = 0
configure:3076: result: a.out
configure:3095: checking whether the C compiler works
configure:3105: ./a.out
configure:3109: $? = 0
configure:3128: result: yes
configure:3135: checking whether we are cross compiling
configure:3137: result: no
configure:3140: checking for suffix of executables
configure:3147: gcc -o conftest    conftest.c  >&5
configure:3151: $? = 0
configure:3177: result: 
configure:3183: checking for suffix of object files
configure:3209: gcc -c   conftest.c >&5
configure:3213: $? = 0
configure:3238: result: o
configure:3242: checking whether we are using the GNU C compiler
configure:3271: gcc -c   conftest.c >&5
configure:3278: $? = 0
configure:3295: result: yes
configure:3304: checking whether gcc accepts -g
configure:3334: gcc -c -g  conftest.c >&5
configure:3341: $? = 0
configure:3442: result: yes
configure:3459: checking for gcc option to accept ISO C89
configure:3533: gcc  -c -g -O2  conftest.c >&5
configure:3540: $? = 0
configure:3563: result: none needed
configure:3583: checking dependency style of gcc
configure:3693: result: gcc3
configure:3709: checking for library containing strerror
configure:3750: gcc -o conftest -g -O2   conftest.c  >&5
configure:3757: $? = 0
configure:3788: result: none required
configure:3844: checking for gcc
configure:3871: result: gcc
configure:4103: checking for C compiler version
configure:4111: gcc --version >&5
gcc (Debian 11.3.0-3) 11.3.0
Copyright (C) 2021 Free Software Foundation, Inc.
This is free software; see the source for copying conditions.  There is NO
warranty; not even for MERCHANTABILITY or FITNESS FOR A PARTICULAR PURPOSE.

configure:4115: $? = 0
configure:4122: gcc -v >&5
Using built-in specs.
COLLECT_GCC=gcc
COLLECT_LTO_WRAPPER=/usr/lib/gcc/x86_64-linux-gnu/11/lto-wrapper
OFFLOAD_TARGET_NAMES=nvptx-none:amdgcn-amdhsa
OFFLOAD_TARGET_DEFAULT=1
Target: x86_64-linux-gnu
Configured with: ../src/configure -v --with-pkgversion='Debian 11.3.0-3' --with-bugurl=file:///usr/share/doc/gcc-11/README.Bugs --enable-languages=c,ada,c++,go,brig,d,fortran,objc,obj-c++,m2 --prefix=/usr --with-gcc-major-version-only --program-suffix=-11 --program-prefix=x86_64-linux-gnu- --enable-shared --enable-linker-build-id --libexecdir=/usr/lib --without-included-gettext --enable-threads=posix --libdir=/usr/lib --enable-nls --enable-bootstrap --enable-clocale=gnu --enable-libstdcxx-debug --enable-libstdcxx-time=yes --with-default-libstdcxx-abi=new --enable-gnu-unique-object --disable-vtable-verify --enable-plugin --enable-default-pie --with-system-zlib --enable-libphobos-checking=release --with-target-system-zlib=auto --enable-objc-gc=auto --enable-multiarch --disable-werror --enable-cet --with-arch-32=i686 --with-abi=m64 --with-multilib-list=m32,m64,mx32 --enable-multilib --with-tune=generic --enable-offload-targets=nvptx-none=/build/gcc-11-6lTGZp/gcc-11-11.3.0/debian/tmp-nvptx/usr,amdgcn-amdhsa=/build/gcc-11-6lTGZp/gcc-11-11.3.0/debian/tmp-gcn/usr --without-cuda-driver --enable-checking=release --build=x86_64-linux-gnu --host=x86_64-linux-gnu --target=x86_64-linux-gnu --with-build-config=bootstrap-lto-lean --enable-link-serialization=2
Thread model: posix
Supported LTO compression algorithms: zlib zstd
gcc version 11.3.0 (Debian 11.3.0-3) 
configure:4126: $? = 0
configure:4133: gcc -V >&5
gcc: error: unrecognized command-line option '-V'
gcc: fatal error: no input files
compilation terminated.
configure:4137: $? = 1
configure:4140: checking whether we are using the GNU C compiler
configure:4193: result: yes
configure:4202: checking whether gcc accepts -g
configure:4340: result: yes
configure:4357: checking for gcc option to accept ISO C89
configure:4461: result: none needed
configure:4481: checking dependency style of gcc
configure:4591: result: gcc3
configure:4654: checking for gcc
configure:4681: result: gcc
configure:4913: checking for C compiler version
configure:4921: gcc --version >&5
gcc (Debian 11.3.0-3) 11.3.0
Copyright (C) 2021 Free Software Foundation, Inc.
This is free software; see the source for copying conditions.  There is NO
warranty; not even for MERCHANTABILITY or FITNESS FOR A PARTICULAR PURPOSE.

configure:4925: $? = 0
configure:4932: gcc -v >&5
Using built-in specs.
COLLECT_GCC=gcc
COLLECT_LTO_WRAPPER=/usr/lib/gcc/x86_64-linux-gnu/11/lto-wrapper
OFFLOAD_TARGET_NAMES=nvptx-none:amdgcn-amdhsa
OFFLOAD_TARGET_DEFAULT=1
Target: x86_64-linux-gnu
Configured with: ../src/configure -v --with-pkgversion='Debian 11.3.0-3' --with-bugurl=file:///usr/share/doc/gcc-11/README.Bugs --enable-languages=c,ada,c++,go,brig,d,fortran,objc,obj-c++,m2 --prefix=/usr --with-gcc-major-version-only --program-suffix=-11 --program-prefix=x86_64-linux-gnu- --enable-shared --enable-linker-build-id --libexecdir=/usr/lib --without-included-gettext --enable-threads=posix --libdir=/usr/lib --enable-nls --enable-bootstrap --enable-clocale=gnu --enable-libstdcxx-debug --enable-libstdcxx-time=yes --with-default-libstdcxx-abi=new --enable-gnu-unique-object --disable-vtable-verify --enable-plugin --enable-default-pie --with-system-zlib --enable-libphobos-checking=release --with-target-system-zlib=auto --enable-objc-gc=auto --enable-multiarch --disable-werror --enable-cet --with-arch-32=i686 --with-abi=m64 --with-multilib-list=m32,m64,mx32 --enable-multilib --with-tune=generic --enable-offload-targets=nvptx-none=/build/gcc-11-6lTGZp/gcc-11-11.3.0/debian/tmp-nvptx/usr,amdgcn-amdhsa=/build/gcc-11-6lTGZp/gcc-11-11.3.0/debian/tmp-gcn/usr --without-cuda-driver --enable-checking=release --build=x86_64-linux-gnu --host=x86_64-linux-gnu --target=x86_64-linux-gnu --with-build-config=bootstrap-lto-lean --enable-link-serialization=2
Thread model: posix
Supported LTO compression algorithms: zlib zstd
gcc version 11.3.0 (Debian 11.3.0-3) 
configure:4936: $? = 0
configure:4943: gcc -V >&5
gcc: error: unrecognized command-line option '-V'
gcc: fatal error: no input files
compilation terminated.
configure:4947: $? = 1
configure:4950: checking whether we are using the GNU C compiler
configure:5003: result: yes
configure:5012: checking whether gcc accepts -g
configure:5150: result: yes
configure:5167: checking for gcc option to accept ISO C89
configure:5271: result: none needed
configure:5291: checking dependency style of gcc
configure:5401: result: gcc3
configure:5424: checking how to run the C preprocessor
configure:5464: gcc -E  conftest.c
configure:5471: $? = 0
configure:5502: gcc -E  conftest.c
conftest.c:11:10: fatal error: ac_nonexistent.h: No such file or directory
   11 | #include <ac_nonexistent.h>
      |          ^~~~~~~~~~~~~~~~~~
compilation terminated.
configure:5509: $? = 1
configure: failed program was:
| /* confdefs.h.  */
| #define PACKAGE_NAME ""
| #define PACKAGE_TARNAME ""
| #define PACKAGE_VERSION ""
| #define PACKAGE_STRING ""
| #define PACKAGE_BUGREPORT ""
| #define PACKAGE "gadmin-bind"
| #define VERSION "0.2.5"
| #define USE_LINUX 1
| /* end confdefs.h.  */
| #include <ac_nonexistent.h>
configure:5542: result: gcc -E
configure:5571: gcc -E  conftest.c
configure:5578: $? = 0
configure:5609: gcc -E  conftest.c
conftest.c:11:10: fatal error: ac_nonexistent.h: No such file or directory
   11 | #include <ac_nonexistent.h>
      |          ^~~~~~~~~~~~~~~~~~
compilation terminated.
configure:5616: $? = 1
configure: failed program was:
| /* confdefs.h.  */
| #define PACKAGE_NAME ""
| #define PACKAGE_TARNAME ""
| #define PACKAGE_VERSION ""
| #define PACKAGE_STRING ""
| #define PACKAGE_BUGREPORT ""
| #define PACKAGE "gadmin-bind"
| #define VERSION "0.2.5"
| #define USE_LINUX 1
| /* end confdefs.h.  */
| #include <ac_nonexistent.h>
configure:5656: checking for grep that handles long lines and -e
configure:5716: result: /usr/bin/grep
configure:5721: checking for egrep
configure:5785: result: /usr/bin/grep -E
configure:5790: checking for ANSI C header files
configure:5820: gcc -c -g -O2  conftest.c >&5
configure:5827: $? = 0
configure:5926: gcc -o conftest -g -O2   conftest.c  >&5
configure:5930: $? = 0
configure:5936: ./conftest
configure:5940: $? = 0
configure:5958: result: yes
configure:6019: checking for pkg-config
configure:6037: found /usr/bin/pkg-config
configure:6049: result: /usr/bin/pkg-config
configure:6074: checking pkg-config is at least version 0.9.0
configure:6077: result: yes
configure:6088: checking for PACKAGE
configure:6095: $PKG_CONFIG --exists --print-errors "$pkg_modules"
configure:6098: $? = 0
configure:6111: $PKG_CONFIG --exists --print-errors "$pkg_modules"
configure:6114: $? = 0
configure:6191: result: yes
configure:6221: checking for sys/types.h
configure:6242: gcc -c -g -O2  conftest.c >&5
configure:6249: $? = 0
configure:6266: result: yes
configure:6221: checking for sys/stat.h
configure:6242: gcc -c -g -O2  conftest.c >&5
configure:6249: $? = 0
configure:6266: result: yes
configure:6221: checking for stdlib.h
configure:6242: gcc -c -g -O2  conftest.c >&5
configure:6249: $? = 0
configure:6266: result: yes
configure:6221: checking for string.h
configure:6242: gcc -c -g -O2  conftest.c >&5
configure:6249: $? = 0
configure:6266: result: yes
configure:6221: checking for memory.h
configure:6242: gcc -c -g -O2  conftest.c >&5
configure:6249: $? = 0
configure:6266: result: yes
configure:6221: checking for strings.h
configure:6242: gcc -c -g -O2  conftest.c >&5
configure:6249: $? = 0
configure:6266: result: yes
configure:6221: checking for inttypes.h
configure:6242: gcc -c -g -O2  conftest.c >&5
configure:6249: $? = 0
configure:6266: result: yes
configure:6221: checking for stdint.h
configure:6242: gcc -c -g -O2  conftest.c >&5
configure:6249: $? = 0
configure:6266: result: yes
configure:6221: checking for unistd.h
configure:6242: gcc -c -g -O2  conftest.c >&5
configure:6249: $? = 0
configure:6266: result: yes
configure:6297: checking locale.h usability
configure:6314: gcc -c -g -O2  conftest.c >&5
configure:6321: $? = 0
configure:6335: result: yes
configure:6339: checking locale.h presence
configure:6354: gcc -E  conftest.c
configure:6361: $? = 0
configure:6375: result: yes
configure:6403: checking for locale.h
configure:6412: result: yes
configure:6428: checking for LC_MESSAGES
configure:6454: gcc -o conftest -g -O2   conftest.c  >&5
configure:6461: $? = 0
configure:6481: result: yes
configure:6510: checking libintl.h usability
configure:6527: gcc -c -g -O2  conftest.c >&5
configure:6534: $? = 0
configure:6548: result: yes
configure:6552: checking libintl.h presence
configure:6567: gcc -E  conftest.c
configure:6574: $? = 0
configure:6588: result: yes
configure:6616: checking for libintl.h
configure:6623: result: yes
configure:6634: checking for ngettext in libc
configure:6662: gcc -o conftest -g -O2   conftest.c  >&5
configure:6669: $? = 0
configure:6690: result: yes
configure:6694: checking for dgettext in libc
configure:6722: gcc -o conftest -g -O2   conftest.c  >&5
configure:6729: $? = 0
configure:6750: result: yes
configure:6759: checking for bind_textdomain_codeset
configure:6815: gcc -o conftest -g -O2   conftest.c  >&5
configure:6822: $? = 0
configure:6844: result: yes
configure:7360: checking for msgfmt
configure:7387: result: /usr/bin/msgfmt
configure:7400: checking for dcgettext
configure:7456: gcc -o conftest -g -O2   conftest.c   >&5
conftest.c:49:6: warning: conflicting types for built-in function 'dcgettext'; expected 'char *(const char *, const char *, int)' [-Wbuiltin-declaration-mismatch]
   49 | char dcgettext ();
      |      ^~~~~~~~~
configure:7463: $? = 0
configure:7485: result: yes
configure:7498: checking if msgfmt accepts -c
configure:7513: $MSGFMT -c -o /dev/null conftest.foo
conftest.foo:3: warning: header field 'Language' missing in header
configure:7516: $? = 0
configure:7518: result: yes
configure:7528: checking for gmsgfmt
configure:7559: result: /usr/bin/msgfmt
configure:7569: checking for xgettext
configure:7596: result: /usr/bin/xgettext
configure:7625: gcc -o conftest -g -O2   conftest.c   >&5
configure:7632: $? = 0
configure:7808: checking for catalogs to be installed
configure:7833: result:  sv
configure:7905: result: Using chroot path: (/var/named)
configure:7915: result: Using rndc.conf: (/etc/bind/rndc.conf)
configure:7925: result: Using resolv.conf: (/etc/bind/resolv.conf)
configure:7935: result: Using syslog file: (/var/log/messages)
configure:7945: result: Using proc filesystem: (/proc)
configure:7955: result: Using settings directory: (/etc/bind/gadmin-bind)
configure:7965: result: Using bind binary: (named)
configure:7975: result: Using rndc binary: (rndc)
configure:7985: result: Using rndc-confgen binary: (rndc-confgen)
configure:7995: result: Using sed binary: (sed)
configure:8005: result: Using dig binary: (dig)
configure:8015: result: Using bind user: (nobody)
configure:8025: result: Using useradd binary: (useradd)
configure:8035: result: Using groupadd binary: (groupadd)
configure:8045: result: Using sleep before log seconds: (3)
configure:8055: result: Using sysinit start cmd: (update-rc.d -f gadmin-bind defaults)
configure:8065: result: Using sysinit scripts dir: (/etc/init.d)
configure:8075: result: Using sysinit script name: (gadmin-bind)
configure:8085: result: Using sysinit stop cmd: (update-rc.d -f gadmin-bind remove)
configure:8095: result: Using password file: (/etc/passwd)
configure:8104: result: Using shadow file: (/etc/shadow)
configure:8113: result: Using group file: (/etc/group)
configure:8122: result: Using gshadow file: (/etc/gshadow)
configure:8265: creating ./config.status

## ---------------------- ##
## Running config.status. ##
## ---------------------- ##

This file was extended by config.status, which was
generated by GNU Autoconf 2.63.  Invocation command line was

  CONFIG_FILES    = 
  CONFIG_HEADERS  = 
  CONFIG_LINKS    = 
  CONFIG_COMMANDS = 
  $ ./config.status 

on casa

config.status:846: creating Makefile
config.status:846: creating src/Makefile
config.status:846: creating po/Makefile.in
config.status:998: WARNING:  'po/Makefile.in.in' seems to ignore the --datarootdir setting
config.status:846: creating config.h
config.status:1120: executing depfiles commands
config.status:1120: executing default-1 commands

## ---------------- ##
## Cache variables. ##
## ---------------- ##

ac_cv_build=x86_64-unknown-linux-gnu
ac_cv_c_compiler_gnu=yes
ac_cv_env_CC_set=
ac_cv_env_CC_value=
ac_cv_env_CFLAGS_set=
ac_cv_env_CFLAGS_value=
ac_cv_env_CPPFLAGS_set=
ac_cv_env_CPPFLAGS_value=
ac_cv_env_CPP_set=
ac_cv_env_CPP_value=
ac_cv_env_LDFLAGS_set=
ac_cv_env_LDFLAGS_value=
ac_cv_env_LIBS_set=
ac_cv_env_LIBS_value=
ac_cv_env_PACKAGE_CFLAGS_set=
ac_cv_env_PACKAGE_CFLAGS_value=
ac_cv_env_PACKAGE_LIBS_set=
ac_cv_env_PACKAGE_LIBS_value=
ac_cv_env_PKG_CONFIG_set=
ac_cv_env_PKG_CONFIG_value=
ac_cv_env_build_alias_set=
ac_cv_env_build_alias_value=
ac_cv_env_host_alias_set=
ac_cv_env_host_alias_value=
ac_cv_env_target_alias_set=
ac_cv_env_target_alias_value=
ac_cv_func_bind_textdomain_codeset=yes
ac_cv_func_dcgettext=yes
ac_cv_header_inttypes_h=yes
ac_cv_header_libintl_h=yes
ac_cv_header_locale_h=yes
ac_cv_header_memory_h=yes
ac_cv_header_stdc=yes
ac_cv_header_stdint_h=yes
ac_cv_header_stdlib_h=yes
ac_cv_header_string_h=yes
ac_cv_header_strings_h=yes
ac_cv_header_sys_stat_h=yes
ac_cv_header_sys_types_h=yes
ac_cv_header_unistd_h=yes
ac_cv_host=x86_64-unknown-linux-gnu
ac_cv_objext=o
ac_cv_path_EGREP='/usr/bin/grep -E'
ac_cv_path_GMSGFMT=/usr/bin/msgfmt
ac_cv_path_GREP=/usr/bin/grep
ac_cv_path_MSGFMT=/usr/bin/msgfmt
ac_cv_path_XGETTEXT=/usr/bin/xgettext
ac_cv_path_ac_pt_PKG_CONFIG=/usr/bin/pkg-config
ac_cv_path_install='/usr/bin/install -c'
ac_cv_path_mkdir=/usr/bin/mkdir
ac_cv_prog_AWK=gawk
ac_cv_prog_CPP='gcc -E'
ac_cv_prog_ac_ct_CC=gcc
ac_cv_prog_cc_c89=
ac_cv_prog_cc_g=yes
ac_cv_prog_make_make_set=yes
ac_cv_search_strerror='none required'
am_cv_CC_dependencies_compiler_type=gcc3
am_cv_prog_cc_stdc=
am_cv_val_LC_MESSAGES=yes
gt_cv_func_dgettext_libc=yes
gt_cv_func_dgettext_libintl=no
gt_cv_func_ngettext_libc=yes
gt_cv_have_gettext=yes
pkg_cv_PACKAGE_CFLAGS='-pthread -I/usr/include/gtk-2.0 -I/usr/lib/x86_64-linux-gnu/gtk-2.0/include -I/usr/include/pango-1.0 -I/usr/include/atk-1.0 -I/usr/include/gdk-pixbuf-2.0 -I/usr/include/x86_64-linux-gnu -I/usr/include/pango-1.0 -I/usr/include/harfbuzz -I/usr/include/pango-1.0 -I/usr/include/libmount -I/usr/include/blkid -I/usr/include/fribidi -I/usr/include/cairo -I/usr/include/pixman-1 -I/usr/include/harfbuzz -I/usr/include/glib-2.0 -I/usr/lib/x86_64-linux-gnu/glib-2.0/include -I/usr/include/uuid -I/usr/include/freetype2 -I/usr/include/libpng16'
pkg_cv_PACKAGE_LIBS='-lgtk-x11-2.0 -lgdk-x11-2.0 -lpangocairo-1.0 -latk-1.0 -lcairo -lgdk_pixbuf-2.0 -lgio-2.0 -lpangoft2-1.0 -lpango-1.0 -lgobject-2.0 -lglib-2.0 -lharfbuzz -lfontconfig -lfreetype'

## ----------------- ##
## Output variables. ##
## ----------------- ##

ACLOCAL='${SHELL} /home/reinaldo/Downloads/gadmin-bind-0.2.5/missing --run aclocal-1.11'
AMDEPBACKSLASH='\'
AMDEP_FALSE='#'
AMDEP_TRUE=''
AMTAR='${SHELL} /home/reinaldo/Downloads/gadmin-bind-0.2.5/missing --run tar'
AUTOCONF='${SHELL} /home/reinaldo/Downloads/gadmin-bind-0.2.5/missing --run autoconf'
AUTOHEADER='${SHELL} /home/reinaldo/Downloads/gadmin-bind-0.2.5/missing --run autoheader'
AUTOMAKE='${SHELL} /home/reinaldo/Downloads/gadmin-bind-0.2.5/missing --run automake-1.11'
AWK='gawk'
CATALOGS=' sv.gmo'
CATOBJEXT='.gmo'
CC='gcc'
CCDEPMODE='depmode=gcc3'
CFLAGS='-g -O2 -Wall'
CPP='gcc -E'
CPPFLAGS=''
CYGPATH_W='echo'
DATADIRNAME='share'
DEFS='-DHAVE_CONFIG_H'
DEPDIR='.deps'
ECHO_C=''
ECHO_N='-n'
ECHO_T=''
EGREP='/usr/bin/grep -E'
EXEEXT=''
GETTEXT_PACKAGE='gadmin-bind'
GMOFILES=' sv.gmo'
GMSGFMT='/usr/bin/msgfmt'
GREP='/usr/bin/grep'
INSTALL_DATA='${INSTALL} -m 644'
INSTALL_PROGRAM='${INSTALL}'
INSTALL_SCRIPT='${INSTALL}'
INSTALL_STRIP_PROGRAM='$(install_sh) -c -s'
INSTOBJEXT='.mo'
INTLLIBS=''
LDFLAGS=''
LIBOBJS=''
LIBS=''
LOCALSTATEDIR='/var'
LTLIBOBJS=''
MAINT='#'
MAINTAINER_MODE_FALSE=''
MAINTAINER_MODE_TRUE='#'
MAKEINFO='${SHELL} /home/reinaldo/Downloads/gadmin-bind-0.2.5/missing --run makeinfo'
MKDIR_P='/usr/bin/mkdir -p'
MKINSTALLDIRS='./mkinstalldirs'
MSGFMT='/usr/bin/msgfmt'
MSGFMT_OPTS='-c'
OBJEXT='o'
PACKAGE='gadmin-bind'
PACKAGE_BUGREPORT=''
PACKAGE_CFLAGS='-pthread -I/usr/include/gtk-2.0 -I/usr/lib/x86_64-linux-gnu/gtk-2.0/include -I/usr/include/pango-1.0 -I/usr/include/atk-1.0 -I/usr/include/gdk-pixbuf-2.0 -I/usr/include/x86_64-linux-gnu -I/usr/include/pango-1.0 -I/usr/include/harfbuzz -I/usr/include/pango-1.0 -I/usr/include/libmount -I/usr/include/blkid -I/usr/include/fribidi -I/usr/include/cairo -I/usr/include/pixman-1 -I/usr/include/harfbuzz -I/usr/include/glib-2.0 -I/usr/lib/x86_64-linux-gnu/glib-2.0/include -I/usr/include/uuid -I/usr/include/freetype2 -I/usr/include/libpng16'
PACKAGE_LIBS='-lgtk-x11-2.0 -lgdk-x11-2.0 -lpangocairo-1.0 -latk-1.0 -lcairo -lgdk_pixbuf-2.0 -lgio-2.0 -lpangoft2-1.0 -lpango-1.0 -lgobject-2.0 -lglib-2.0 -lharfbuzz -lfontconfig -lfreetype'
PACKAGE_NAME=''
PACKAGE_STRING=''
PACKAGE_TARNAME=''
PACKAGE_VERSION=''
PATH_SEPARATOR=':'
PKG_CONFIG='/usr/bin/pkg-config'
POFILES=' sv.po'
POSUB='po'
PO_IN_DATADIR_FALSE=''
PO_IN_DATADIR_TRUE=''
SBINDIR='/usr/sbin'
SET_MAKE=''
SHELL='/bin/bash'
STRIP=''
SYSCONFDIR='/etc/bind'
USE_NLS='yes'
VERSION='0.2.5'
XGETTEXT='/usr/bin/xgettext'
ac_ct_CC='gcc'
am__EXEEXT_FALSE=''
am__EXEEXT_TRUE='#'
am__fastdepCC_FALSE='#'
am__fastdepCC_TRUE=''
am__include='include'
am__isrc=''
am__leading_dot='.'
am__quote=''
am__tar='${AMTAR} chof - "$$tardir"'
am__untar='${AMTAR} xf -'
bindir='${exec_prefix}/bin'
build='x86_64-unknown-linux-gnu'
build_alias=''
build_cpu='x86_64'
build_os='linux-gnu'
build_vendor='unknown'
datadir='${datarootdir}'
datarootdir='${prefix}/share'
docdir='${datarootdir}/doc/${PACKAGE}'
dvidir='${docdir}'
exec_prefix='${prefix}'
host='x86_64-unknown-linux-gnu'
host_alias=''
host_cpu='x86_64'
host_os='linux-gnu'
host_vendor='unknown'
htmldir='${docdir}'
includedir='${prefix}/include'
infodir='${datarootdir}/info'
install_sh='${SHELL} /home/reinaldo/Downloads/gadmin-bind-0.2.5/install-sh'
libdir='${exec_prefix}/lib'
libexecdir='${exec_prefix}/libexec'
localedir='${datarootdir}/locale'
localstatedir='/var'
mandir='${datarootdir}/man'
mkdir_p='/usr/bin/mkdir -p'
oldincludedir='/usr/include'
pdfdir='${docdir}'
prefix='/usr'
program_transform_name='s,x,x,'
psdir='${docdir}'
sbindir='/usr/sbin'
sharedstatedir='${prefix}/com'
sysconfdir='/etc/bind'
target_alias=''

## ----------- ##
## confdefs.h. ##
## ----------- ##

#define PACKAGE_NAME ""
#define PACKAGE_TARNAME ""
#define PACKAGE_VERSION ""
#define PACKAGE_STRING ""
#define PACKAGE_BUGREPORT ""
#define PACKAGE "gadmin-bind"
#define VERSION "0.2.5"
#define USE_LINUX 1
#define STDC_HEADERS 1
#define GETTEXT_PACKAGE "gadmin-bind"
#define HAVE_SYS_TYPES_H 1
#define HAVE_SYS_STAT_H 1
#define HAVE_STDLIB_H 1
#define HAVE_STRING_H 1
#define HAVE_MEMORY_H 1
#define HAVE_STRINGS_H 1
#define HAVE_INTTYPES_H 1
#define HAVE_STDINT_H 1
#define HAVE_UNISTD_H 1
#define HAVE_LOCALE_H 1
#define HAVE_LC_MESSAGES 1
#define HAVE_BIND_TEXTDOMAIN_CODESET 1
#define HAVE_GETTEXT 1
#define HAVE_DCGETTEXT 1
#define ENABLE_NLS 1
#define SYSCONFDIR "/etc/bind"
#define LOCALSTATEDIR "/var"
#define CHROOT_PATH "/var/named"
#define RNDC_CONF "/etc/bind/rndc.conf"
#define RESOLV_PATH "/etc/bind/resolv.conf"
#define SYSLOG_PATH "/var/log/messages"
#define PROC_PATH "/proc"
#define SETTINGS_DIR "/etc/bind/gadmin-bind"
#define NAMED_BINARY "named"
#define RNDC_BINARY "rndc"
#define RNDC_CONFGEN_BINARY "rndc-confgen"
#define SED_BINARY "sed"
#define DIG_BINARY "dig"
#define NAMED_USER "nobody"
#define USERADD_BINARY "useradd"
#define GROUPADD_BINARY "groupadd"
#define CMD_SLEEP_LOG_SECS "3"
#define SYSINIT_START_CMD "update-rc.d -f gadmin-bind defaults"
#define SYSINIT_SCRIPTS_DIR "/etc/init.d"
#define SYSINIT_SCRIPT_NAME "gadmin-bind"
#define SYSINIT_STOP_CMD "update-rc.d -f gadmin-bind remove"
#define PASSWD_FILE "/etc/passwd"
#define SHADOW_FILE "/etc/shadow"
#define GROUP_FILE "/etc/group"
#define GSHADOW_FILE "/etc/gshadow"

configure: exit 0
